#
# There is insufficient memory for the Java Runtime Environment to continue.
# Native memory allocation (malloc) failed to allocate 1047696 bytes. Error detail: Chunk::new
# Possible reasons:
#   The system is out of physical RAM or swap space
#   This process is running with CompressedOops enabled, and the Java Heap may be blocking the growth of the native heap
# Possible solutions:
#   Reduce memory load on the system
#   Increase physical memory or swap space
#   Check if swap backing store is full
#   Decrease Java heap size (-Xmx/-Xms)
#   Decrease number of Java threads
#   Decrease Java thread stack sizes (-Xss)
#   Set larger code cache with -XX:ReservedCodeCacheSize=
#   JVM is running with Unscaled Compressed Oops mode in which the Java heap is
#     placed in the first 4GB address space. The Java Heap base address is the
#     maximum limit for the native heap growth. Please use -XX:HeapBaseMinAddress
#     to set the Java Heap base and to place the Java Heap above 4GB virtual address.
# This output file may be truncated or incomplete.
#
#  Out of Memory Error (arena.cpp:168), pid=12344, tid=20824
#
# JRE version: OpenJDK Runtime Environment (21.0.8) (build 21.0.8+-14196175-b1038.72)
# Java VM: OpenJDK 64-Bit Server VM (21.0.8+-14196175-b1038.72, mixed mode, tiered, compressed oops, compressed class ptrs, g1 gc, windows-amd64)
# No core dump will be written. Minidumps are not enabled by default on client versions of Windows
#

---------------  S U M M A R Y ------------

Command Line: --add-opens=java.base/java.lang=ALL-UNNAMED --add-opens=java.base/java.lang.invoke=ALL-UNNAMED --add-opens=java.base/java.util=ALL-UNNAMED --add-opens=java.prefs/java.util.prefs=ALL-UNNAMED --add-exports=jdk.compiler/com.sun.tools.javac.api=ALL-UNNAMED --add-exports=jdk.compiler/com.sun.tools.javac.util=ALL-UNNAMED --add-opens=java.base/java.util=ALL-UNNAMED --add-opens=java.prefs/java.util.prefs=ALL-UNNAMED --add-opens=java.base/java.nio.charset=ALL-UNNAMED --add-opens=java.base/java.net=ALL-UNNAMED --add-opens=java.base/java.util.concurrent.atomic=ALL-UNNAMED --add-opens=java.xml/javax.xml.namespace=ALL-UNNAMED -Xmx2048m -Dfile.encoding=UTF-8 -Duser.country=ID -Duser.language=en -Duser.variant -javaagent:C:\Users\moham\.gradle\wrapper\dists\gradle-8.13-bin\5xuhj0ry160q40clulazy9h7d\gradle-8.13\lib\agents\gradle-instrumentation-agent-8.13.jar org.gradle.launcher.daemon.bootstrap.GradleDaemon 8.13

Host: AMD Ryzen 5 5625U with Radeon Graphics         , 12 cores, 7G,  Windows 11 , 64 bit Build 26100 (10.0.26100.7309)
Time: Mon Dec 29 22:57:11 2025 SE Asia Standard Time elapsed time: 10.084347 seconds (0d 0h 0m 10s)

---------------  T H R E A D  ---------------

Current thread (0x000001b0ab4b8f80):  JavaThread "C2 CompilerThread0" daemon [_thread_in_native, id=20824, stack(0x0000002793e00000,0x0000002793f00000) (1024K)]


Current CompileTask:
C2:10085 2934       4       java.lang.invoke.MethodType::makeImpl (109 bytes)

Stack: [0x0000002793e00000,0x0000002793f00000]
Native frames: (J=compiled Java code, j=interpreted, Vv=VM code, C=native code)
V  [jvm.dll+0x6d68d9]
V  [jvm.dll+0x866693]
V  [jvm.dll+0x868c4e]
V  [jvm.dll+0x869333]
V  [jvm.dll+0x280566]
V  [jvm.dll+0xc07cd]
V  [jvm.dll+0xc0d03]
V  [jvm.dll+0x2f5970]
V  [jvm.dll+0x5ff719]
V  [jvm.dll+0x252362]
V  [jvm.dll+0x24acaa]
V  [jvm.dll+0x24871e]
V  [jvm.dll+0x1c73a4]
V  [jvm.dll+0x257f9e]
V  [jvm.dll+0x2564e6]
V  [jvm.dll+0x3f4696]
V  [jvm.dll+0x80eac8]
V  [jvm.dll+0x6d512d]
C  [ucrtbase.dll+0x37b0]
C  [KERNEL32.DLL+0x2e8d7]
C  [ntdll.dll+0x8c53c]


---------------  P R O C E S S  ---------------

Threads class SMR info:
_java_thread_list=0x000001b0b1e1c900, length=24, elements={
0x000001b091378820, 0x000001b0ab487ff0, 0x000001b0ab48c280, 0x000001b0ab48dd00,
0x000001b0ab4a0250, 0x000001b0ab4a2d20, 0x000001b0ab4a3780, 0x000001b0ab4a41e0,
0x000001b0ab4b8f80, 0x000001b0ab4cd930, 0x000001b0ab7b7350, 0x000001b0b1873740,
0x000001b0b18df740, 0x000001b0b18d6aa0, 0x000001b0b1acd450, 0x000001b0b1acdac0,
0x000001b0b1767920, 0x000001b0b0bd2f20, 0x000001b0b028b2b0, 0x000001b0b028a590,
0x000001b0b028d380, 0x000001b0b028c660, 0x000001b0b028ac20, 0x000001b0b028bfd0
}

Java Threads: ( => current thread )
  0x000001b091378820 JavaThread "main"                              [_thread_blocked, id=13804, stack(0x0000002792f00000,0x0000002793000000) (1024K)]
  0x000001b0ab487ff0 JavaThread "Common-Cleaner"             daemon [_thread_blocked, id=22292, stack(0x0000002793700000,0x0000002793800000) (1024K)]
  0x000001b0ab48c280 JavaThread "Reference Handler"          daemon [_thread_blocked, id=23584, stack(0x0000002793800000,0x0000002793900000) (1024K)]
  0x000001b0ab48dd00 JavaThread "Finalizer"                  daemon [_thread_blocked, id=19688, stack(0x0000002793900000,0x0000002793a00000) (1024K)]
  0x000001b0ab4a0250 JavaThread "Signal Dispatcher"          daemon [_thread_blocked, id=15136, stack(0x0000002793a00000,0x0000002793b00000) (1024K)]
  0x000001b0ab4a2d20 JavaThread "Attach Listener"            daemon [_thread_blocked, id=14704, stack(0x0000002793b00000,0x0000002793c00000) (1024K)]
  0x000001b0ab4a3780 JavaThread "Service Thread"             daemon [_thread_blocked, id=28432, stack(0x0000002793c00000,0x0000002793d00000) (1024K)]
  0x000001b0ab4a41e0 JavaThread "Monitor Deflation Thread"   daemon [_thread_blocked, id=27812, stack(0x0000002793d00000,0x0000002793e00000) (1024K)]
=>0x000001b0ab4b8f80 JavaThread "C2 CompilerThread0"         daemon [_thread_in_native, id=20824, stack(0x0000002793e00000,0x0000002793f00000) (1024K)]
  0x000001b0ab4cd930 JavaThread "C1 CompilerThread0"         daemon [_thread_blocked, id=20860, stack(0x0000002793f00000,0x0000002794000000) (1024K)]
  0x000001b0ab7b7350 JavaThread "Notification Thread"        daemon [_thread_blocked, id=26604, stack(0x0000002794000000,0x0000002794100000) (1024K)]
  0x000001b0b1873740 JavaThread "Daemon health stats"               [_thread_blocked, id=19988, stack(0x0000002794700000,0x0000002794800000) (1024K)]
  0x000001b0b18df740 JavaThread "Incoming local TCP Connector on port 11162"        [_thread_in_native, id=26532, stack(0x0000002794100000,0x0000002794200000) (1024K)]
  0x000001b0b18d6aa0 JavaThread "Daemon periodic checks"            [_thread_blocked, id=35444, stack(0x0000002794800000,0x0000002794900000) (1024K)]
  0x000001b0b1acd450 JavaThread "Daemon"                            [_thread_blocked, id=3764, stack(0x0000002794900000,0x0000002794a00000) (1024K)]
  0x000001b0b1acdac0 JavaThread "Handler for socket connection from /127.0.0.1:11162 to /127.0.0.1:11163"        [_thread_in_native, id=27868, stack(0x0000002794a00000,0x0000002794b00000) (1024K)]
  0x000001b0b1767920 JavaThread "Cancel handler"                    [_thread_blocked, id=12248, stack(0x0000002794b00000,0x0000002794c00000) (1024K)]
  0x000001b0b0bd2f20 JavaThread "Daemon worker"                     [_thread_in_native, id=19044, stack(0x0000002794c00000,0x0000002794d00000) (1024K)]
  0x000001b0b028b2b0 JavaThread "Asynchronous log dispatcher for DefaultDaemonConnection: socket connection from /127.0.0.1:11162 to /127.0.0.1:11163"        [_thread_blocked, id=20660, stack(0x0000002794d00000,0x0000002794e00000) (1024K)]
  0x000001b0b028a590 JavaThread "Stdin handler"                     [_thread_blocked, id=31216, stack(0x0000002794e00000,0x0000002794f00000) (1024K)]
  0x000001b0b028d380 JavaThread "Daemon client event forwarder"        [_thread_blocked, id=36132, stack(0x0000002794f00000,0x0000002795000000) (1024K)]
  0x000001b0b028c660 JavaThread "Cache worker for journal cache (C:\Users\moham\.gradle\caches\journal-1)"        [_thread_blocked, id=35152, stack(0x0000002795600000,0x0000002795700000) (1024K)]
  0x000001b0b028ac20 JavaThread "File lock request listener"        [_thread_in_native, id=10096, stack(0x0000002795700000,0x0000002795800000) (1024K)]
  0x000001b0b028bfd0 JavaThread "Cache worker for file hash cache (C:\Users\moham\.gradle\caches\8.13\fileHashes)"        [_thread_blocked, id=31660, stack(0x0000002795800000,0x0000002795900000) (1024K)]
Total: 24

Other Threads:
  0x000001b0ab438810 VMThread "VM Thread"                           [id=22604, stack(0x0000002793600000,0x0000002793700000) (1024K)]
  0x000001b0ab284380 WatcherThread "VM Periodic Task Thread"        [id=15040, stack(0x0000002793500000,0x0000002793600000) (1024K)]
  0x000001b0938161c0 WorkerThread "GC Thread#0"                     [id=34792, stack(0x0000002793000000,0x0000002793100000) (1024K)]
  0x000001b0b0494200 WorkerThread "GC Thread#1"                     [id=10972, stack(0x0000002794200000,0x0000002794300000) (1024K)]
  0x000001b0b02bbf50 WorkerThread "GC Thread#2"                     [id=19644, stack(0x0000002794300000,0x0000002794400000) (1024K)]
  0x000001b0b0c12ee0 WorkerThread "GC Thread#3"                     [id=11924, stack(0x0000002794400000,0x0000002794500000) (1024K)]
  0x000001b0b0c13280 WorkerThread "GC Thread#4"                     [id=2112, stack(0x0000002794500000,0x0000002794600000) (1024K)]
  0x000001b0b1768130 WorkerThread "GC Thread#5"                     [id=11564, stack(0x0000002794600000,0x0000002794700000) (1024K)]
  0x000001b0b0131a40 WorkerThread "GC Thread#6"                     [id=11548, stack(0x0000002795000000,0x0000002795100000) (1024K)]
  0x000001b0b0131300 WorkerThread "GC Thread#7"                     [id=30208, stack(0x0000002795100000,0x0000002795200000) (1024K)]
  0x000001b0b0132520 WorkerThread "GC Thread#8"                     [id=23264, stack(0x0000002795200000,0x0000002795300000) (1024K)]
  0x000001b0b0131de0 WorkerThread "GC Thread#9"                     [id=23084, stack(0x0000002795300000,0x0000002795400000) (1024K)]
  0x000001b0938270b0 ConcurrentGCThread "G1 Main Marker"            [id=18868, stack(0x0000002793100000,0x0000002793200000) (1024K)]
  0x000001b093828900 WorkerThread "G1 Conc#0"                       [id=18832, stack(0x0000002793200000,0x0000002793300000) (1024K)]
  0x000001b0b01316a0 WorkerThread "G1 Conc#1"                       [id=13572, stack(0x0000002795400000,0x0000002795500000) (1024K)]
  0x000001b0b0132180 WorkerThread "G1 Conc#2"                       [id=10088, stack(0x0000002795500000,0x0000002795600000) (1024K)]
  0x000001b0ab150990 ConcurrentGCThread "G1 Refine#0"               [id=31104, stack(0x0000002793300000,0x0000002793400000) (1024K)]
  0x000001b0ab151310 ConcurrentGCThread "G1 Service"                [id=25816, stack(0x0000002793400000,0x0000002793500000) (1024K)]
Total: 18

Threads with active compile tasks:
C2 CompilerThread0  10166 2934       4       java.lang.invoke.MethodType::makeImpl (109 bytes)
Total: 1

VM state: not at safepoint (normal execution)

VM Mutex/Monitor currently owned by a thread: None

Heap address: 0x0000000080000000, size: 2048 MB, Compressed Oops mode: 32-bit

CDS archive(s) not mapped
Compressed class space mapped at: 0x0000000100000000-0x0000000140000000, reserved size: 1073741824
Narrow klass base: 0x0000000000000000, Narrow klass shift: 3, Narrow klass range: 0x140000000

GC Precious Log:
 CardTable entry size: 512
 Card Set container configuration: InlinePtr #cards 5 size 8 Array Of Cards #cards 12 size 40 Howl #buckets 4 coarsen threshold 1843 Howl Bitmap #cards 512 size 80 coarsen threshold 460 Card regions per heap region 1 cards per card region 2048
 CPUs: 12 total, 12 available
 Memory: 7520M
 Large Page Support: Disabled
 NUMA Support: Disabled
 Compressed Oops: Enabled (32-bit)
 Heap Region Size: 1M
 Heap Min Capacity: 8M
 Heap Initial Capacity: 118M
 Heap Max Capacity: 2G
 Pre-touch: Disabled
 Parallel Workers: 10
 Concurrent Workers: 3
 Concurrent Refinement Workers: 10
 Periodic GC: Disabled

Heap:
 garbage-first heap   total 68608K, used 29820K [0x0000000080000000, 0x0000000100000000)
  region size 1024K, 12 young (12288K), 2 survivors (2048K)
 Metaspace       used 28387K, committed 28928K, reserved 1114112K
  class space    used 3672K, committed 3904K, reserved 1048576K

Heap Regions: E=young(eden), S=young(survivor), O=old, HS=humongous(starts), HC=humongous(continues), CS=collection set, F=free, TAMS=top-at-mark-start, PB=parsable bottom
|   0|0x0000000080000000, 0x0000000080100000, 0x0000000080100000|100%|HS|  |TAMS 0x0000000080000000| PB 0x0000000080000000| Complete 
|   1|0x0000000080100000, 0x0000000080200000, 0x0000000080200000|100%|HC|  |TAMS 0x0000000080100000| PB 0x0000000080100000| Complete 
|   2|0x0000000080200000, 0x0000000080300000, 0x0000000080300000|100%|HC|  |TAMS 0x0000000080200000| PB 0x0000000080200000| Complete 
|   3|0x0000000080300000, 0x0000000080400000, 0x0000000080400000|100%| O|  |TAMS 0x0000000080300000| PB 0x0000000080300000| Untracked 
|   4|0x0000000080400000, 0x0000000080500000, 0x0000000080500000|100%| O|  |TAMS 0x0000000080400000| PB 0x0000000080400000| Untracked 
|   5|0x0000000080500000, 0x0000000080600000, 0x0000000080600000|100%| O|  |TAMS 0x0000000080500000| PB 0x0000000080500000| Untracked 
|   6|0x0000000080600000, 0x0000000080700000, 0x0000000080700000|100%|HS|  |TAMS 0x0000000080600000| PB 0x0000000080600000| Complete 
|   7|0x0000000080700000, 0x0000000080800000, 0x0000000080800000|100%| O|  |TAMS 0x0000000080700000| PB 0x0000000080700000| Untracked 
|   8|0x0000000080800000, 0x0000000080900000, 0x0000000080900000|100%| O|  |TAMS 0x0000000080800000| PB 0x0000000080800000| Untracked 
|   9|0x0000000080900000, 0x0000000080a00000, 0x0000000080a00000|100%| O|  |TAMS 0x0000000080900000| PB 0x0000000080900000| Untracked 
|  10|0x0000000080a00000, 0x0000000080b00000, 0x0000000080b00000|100%| O|  |TAMS 0x0000000080a00000| PB 0x0000000080a00000| Untracked 
|  11|0x0000000080b00000, 0x0000000080c00000, 0x0000000080c00000|100%| O|  |TAMS 0x0000000080b00000| PB 0x0000000080b00000| Untracked 
|  12|0x0000000080c00000, 0x0000000080c85950, 0x0000000080d00000| 52%| O|Cm|TAMS 0x0000000080c00000| PB 0x0000000080c00000| Complete 
|  13|0x0000000080d00000, 0x0000000080e00000, 0x0000000080e00000|100%| O|  |TAMS 0x0000000080d00000| PB 0x0000000080d00000| Untracked 
|  14|0x0000000080e00000, 0x0000000080f00000, 0x0000000080f00000|100%| O|  |TAMS 0x0000000080e00000| PB 0x0000000080e00000| Untracked 
|  15|0x0000000080f00000, 0x0000000081000000, 0x0000000081000000|100%| O|  |TAMS 0x0000000080f00000| PB 0x0000000080f00000| Untracked 
|  16|0x0000000081000000, 0x0000000081100000, 0x0000000081100000|100%| O|  |TAMS 0x0000000081000000| PB 0x0000000081000000| Untracked 
|  17|0x0000000081100000, 0x0000000081200000, 0x0000000081200000|100%| O|  |TAMS 0x0000000081100000| PB 0x0000000081100000| Untracked 
|  18|0x0000000081200000, 0x0000000081300000, 0x0000000081300000|100%| O|  |TAMS 0x0000000081200000| PB 0x0000000081200000| Untracked 
|  19|0x0000000081300000, 0x0000000081399798, 0x0000000081400000| 59%| O|  |TAMS 0x0000000081300000| PB 0x0000000081300000| Untracked 
|  20|0x0000000081400000, 0x0000000081400000, 0x0000000081500000|  0%| F|  |TAMS 0x0000000081400000| PB 0x0000000081400000| Untracked 
|  21|0x0000000081500000, 0x0000000081500000, 0x0000000081600000|  0%| F|  |TAMS 0x0000000081500000| PB 0x0000000081500000| Untracked 
|  22|0x0000000081600000, 0x0000000081600000, 0x0000000081700000|  0%| F|  |TAMS 0x0000000081600000| PB 0x0000000081600000| Untracked 
|  23|0x0000000081700000, 0x0000000081700000, 0x0000000081800000|  0%| F|  |TAMS 0x0000000081700000| PB 0x0000000081700000| Untracked 
|  24|0x0000000081800000, 0x0000000081800000, 0x0000000081900000|  0%| F|  |TAMS 0x0000000081800000| PB 0x0000000081800000| Untracked 
|  25|0x0000000081900000, 0x0000000081a00000, 0x0000000081a00000|100%| S|CS|TAMS 0x0000000081900000| PB 0x0000000081900000| Complete 
|  26|0x0000000081a00000, 0x0000000081b00000, 0x0000000081b00000|100%| S|CS|TAMS 0x0000000081a00000| PB 0x0000000081a00000| Complete 
|  27|0x0000000081b00000, 0x0000000081b00000, 0x0000000081c00000|  0%| F|  |TAMS 0x0000000081b00000| PB 0x0000000081b00000| Untracked 
|  28|0x0000000081c00000, 0x0000000081c00000, 0x0000000081d00000|  0%| F|  |TAMS 0x0000000081c00000| PB 0x0000000081c00000| Untracked 
|  29|0x0000000081d00000, 0x0000000081d00000, 0x0000000081e00000|  0%| F|  |TAMS 0x0000000081d00000| PB 0x0000000081d00000| Untracked 
|  30|0x0000000081e00000, 0x0000000081e00000, 0x0000000081f00000|  0%| F|  |TAMS 0x0000000081e00000| PB 0x0000000081e00000| Untracked 
|  31|0x0000000081f00000, 0x0000000081f00000, 0x0000000082000000|  0%| F|  |TAMS 0x0000000081f00000| PB 0x0000000081f00000| Untracked 
|  32|0x0000000082000000, 0x0000000082000000, 0x0000000082100000|  0%| F|  |TAMS 0x0000000082000000| PB 0x0000000082000000| Untracked 
|  33|0x0000000082100000, 0x0000000082100000, 0x0000000082200000|  0%| F|  |TAMS 0x0000000082100000| PB 0x0000000082100000| Untracked 
|  34|0x0000000082200000, 0x0000000082200000, 0x0000000082300000|  0%| F|  |TAMS 0x0000000082200000| PB 0x0000000082200000| Untracked 
|  35|0x0000000082300000, 0x0000000082300000, 0x0000000082400000|  0%| F|  |TAMS 0x0000000082300000| PB 0x0000000082300000| Untracked 
|  36|0x0000000082400000, 0x0000000082400000, 0x0000000082500000|  0%| F|  |TAMS 0x0000000082400000| PB 0x0000000082400000| Untracked 
|  37|0x0000000082500000, 0x0000000082500000, 0x0000000082600000|  0%| F|  |TAMS 0x0000000082500000| PB 0x0000000082500000| Untracked 
|  38|0x0000000082600000, 0x0000000082600000, 0x0000000082700000|  0%| F|  |TAMS 0x0000000082600000| PB 0x0000000082600000| Untracked 
|  39|0x0000000082700000, 0x0000000082700000, 0x0000000082800000|  0%| F|  |TAMS 0x0000000082700000| PB 0x0000000082700000| Untracked 
|  40|0x0000000082800000, 0x0000000082800000, 0x0000000082900000|  0%| F|  |TAMS 0x0000000082800000| PB 0x0000000082800000| Untracked 
|  41|0x0000000082900000, 0x0000000082900000, 0x0000000082a00000|  0%| F|  |TAMS 0x0000000082900000| PB 0x0000000082900000| Untracked 
|  42|0x0000000082a00000, 0x0000000082a00000, 0x0000000082b00000|  0%| F|  |TAMS 0x0000000082a00000| PB 0x0000000082a00000| Untracked 
|  43|0x0000000082b00000, 0x0000000082b00000, 0x0000000082c00000|  0%| F|  |TAMS 0x0000000082b00000| PB 0x0000000082b00000| Untracked 
|  44|0x0000000082c00000, 0x0000000082c00000, 0x0000000082d00000|  0%| F|  |TAMS 0x0000000082c00000| PB 0x0000000082c00000| Untracked 
|  45|0x0000000082d00000, 0x0000000082d00000, 0x0000000082e00000|  0%| F|  |TAMS 0x0000000082d00000| PB 0x0000000082d00000| Untracked 
|  46|0x0000000082e00000, 0x0000000082e00000, 0x0000000082f00000|  0%| F|  |TAMS 0x0000000082e00000| PB 0x0000000082e00000| Untracked 
|  47|0x0000000082f00000, 0x0000000082f00000, 0x0000000083000000|  0%| F|  |TAMS 0x0000000082f00000| PB 0x0000000082f00000| Untracked 
|  48|0x0000000083000000, 0x0000000083000000, 0x0000000083100000|  0%| F|  |TAMS 0x0000000083000000| PB 0x0000000083000000| Untracked 
|  49|0x0000000083100000, 0x0000000083100000, 0x0000000083200000|  0%| F|  |TAMS 0x0000000083100000| PB 0x0000000083100000| Untracked 
|  50|0x0000000083200000, 0x0000000083200000, 0x0000000083300000|  0%| F|  |TAMS 0x0000000083200000| PB 0x0000000083200000| Untracked 
|  51|0x0000000083300000, 0x0000000083300000, 0x0000000083400000|  0%| F|  |TAMS 0x0000000083300000| PB 0x0000000083300000| Untracked 
|  52|0x0000000083400000, 0x0000000083400000, 0x0000000083500000|  0%| F|  |TAMS 0x0000000083400000| PB 0x0000000083400000| Untracked 
|  53|0x0000000083500000, 0x0000000083500000, 0x0000000083600000|  0%| F|  |TAMS 0x0000000083500000| PB 0x0000000083500000| Untracked 
|  54|0x0000000083600000, 0x0000000083600000, 0x0000000083700000|  0%| F|  |TAMS 0x0000000083600000| PB 0x0000000083600000| Untracked 
|  55|0x0000000083700000, 0x0000000083700000, 0x0000000083800000|  0%| F|  |TAMS 0x0000000083700000| PB 0x0000000083700000| Untracked 
|  56|0x0000000083800000, 0x0000000083800000, 0x0000000083900000|  0%| F|  |TAMS 0x0000000083800000| PB 0x0000000083800000| Untracked 
|  84|0x0000000085400000, 0x00000000854fcb78, 0x0000000085500000| 98%| E|  |TAMS 0x0000000085400000| PB 0x0000000085400000| Complete 
|  85|0x0000000085500000, 0x0000000085600000, 0x0000000085600000|100%| E|CS|TAMS 0x0000000085500000| PB 0x0000000085500000| Complete 
|  86|0x0000000085600000, 0x0000000085700000, 0x0000000085700000|100%| E|CS|TAMS 0x0000000085600000| PB 0x0000000085600000| Complete 
|  87|0x0000000085700000, 0x0000000085800000, 0x0000000085800000|100%| E|CS|TAMS 0x0000000085700000| PB 0x0000000085700000| Complete 
|  88|0x0000000085800000, 0x0000000085900000, 0x0000000085900000|100%| E|CS|TAMS 0x0000000085800000| PB 0x0000000085800000| Complete 
|  89|0x0000000085900000, 0x0000000085a00000, 0x0000000085a00000|100%| E|CS|TAMS 0x0000000085900000| PB 0x0000000085900000| Complete 
|  90|0x0000000085a00000, 0x0000000085b00000, 0x0000000085b00000|100%| E|  |TAMS 0x0000000085a00000| PB 0x0000000085a00000| Complete 
|  91|0x0000000085b00000, 0x0000000085c00000, 0x0000000085c00000|100%| E|CS|TAMS 0x0000000085b00000| PB 0x0000000085b00000| Complete 
| 116|0x0000000087400000, 0x0000000087500000, 0x0000000087500000|100%| E|CS|TAMS 0x0000000087400000| PB 0x0000000087400000| Complete 
| 117|0x0000000087500000, 0x0000000087600000, 0x0000000087600000|100%| E|CS|TAMS 0x0000000087500000| PB 0x0000000087500000| Complete 

Card table byte_map: [0x000001b0a6260000,0x000001b0a6660000] _byte_map_base: 0x000001b0a5e60000

Marking Bits: (CMBitMap*) 0x000001b0938167d0
 Bits: [0x000001b0a6660000, 0x000001b0a8660000)

Polling page: 0x000001b091610000

Metaspace:

Usage:
  Non-class:     24.15 MB used.
      Class:      3.59 MB used.
       Both:     27.73 MB used.

Virtual space:
  Non-class space:       64.00 MB reserved,      24.44 MB ( 38%) committed,  1 nodes.
      Class space:        1.00 GB reserved,       3.81 MB ( <1%) committed,  1 nodes.
             Both:        1.06 GB reserved,      28.25 MB (  3%) committed. 

Chunk freelists:
   Non-Class:  7.27 MB
       Class:  12.23 MB
        Both:  19.50 MB

MaxMetaspaceSize: unlimited
CompressedClassSpaceSize: 1.00 GB
Initial GC threshold: 21.00 MB
Current GC threshold: 35.12 MB
CDS: off
 - commit_granule_bytes: 65536.
 - commit_granule_words: 8192.
 - virtual_space_node_default_size: 8388608.
 - enlarge_chunks_in_place: 1.
 - use_allocation_guard: 0.


Internal statistics:

num_allocs_failed_limit: 3.
num_arena_births: 646.
num_arena_deaths: 0.
num_vsnodes_births: 2.
num_vsnodes_deaths: 0.
num_space_committed: 452.
num_space_uncommitted: 0.
num_chunks_returned_to_freelist: 3.
num_chunks_taken_from_freelist: 1371.
num_chunk_merges: 3.
num_chunk_splits: 886.
num_chunks_enlarged: 582.
num_inconsistent_stats: 0.

CodeHeap 'non-profiled nmethods': size=120000Kb used=1468Kb max_used=1468Kb free=118531Kb
 bounds [0x000001b09e3e0000, 0x000001b09e650000, 0x000001b0a5910000]
CodeHeap 'profiled nmethods': size=120000Kb used=5841Kb max_used=5841Kb free=114158Kb
 bounds [0x000001b096910000, 0x000001b096ed0000, 0x000001b09de40000]
CodeHeap 'non-nmethods': size=5760Kb used=1482Kb max_used=1522Kb free=4277Kb
 bounds [0x000001b09de40000, 0x000001b09e0b0000, 0x000001b09e3e0000]
CodeCache: size=245760Kb, used=8791Kb, max_used=8831Kb, free=236966Kb
 total_blobs=3519, nmethods=2943, adapters=480, full_count=0
Compilation: enabled, stopped_count=0, restarted_count=0

Compilation events (20 events):
Event: 8.904 Thread 0x000001b0ab4cd930 nmethod 2933 0x000001b096ebd190 code [0x000001b096ebd360, 0x000001b096ebd850]
Event: 8.905 Thread 0x000001b0ab4b8f80 2934       4       java.lang.invoke.MethodType::makeImpl (109 bytes)
Event: 8.921 Thread 0x000001b0ab4cd930 2935       3       java.lang.invoke.MethodType::methodType (44 bytes)
Event: 8.921 Thread 0x000001b0ab4cd930 nmethod 2935 0x000001b096ebda10 code [0x000001b096ebdc00, 0x000001b096ebe088]
Event: 8.944 Thread 0x000001b0ab4cd930 2937       3       com.google.common.base.Preconditions::checkArgument (28 bytes)
Event: 8.945 Thread 0x000001b0ab4cd930 nmethod 2937 0x000001b096ebe190 code [0x000001b096ebe380, 0x000001b096ebe970]
Event: 8.945 Thread 0x000001b0ab4cd930 2938       3       com.google.common.io.BaseEncoding$Alphabet::encode (7 bytes)
Event: 8.945 Thread 0x000001b0ab4cd930 nmethod 2938 0x000001b096ebeb90 code [0x000001b096ebed40, 0x000001b096ebee80]
Event: 8.973 Thread 0x000001b0ab4cd930 2939       1       sun.reflect.generics.repository.AbstractRepository::getFactory (5 bytes)
Event: 8.973 Thread 0x000001b0ab4cd930 nmethod 2939 0x000001b09e54f010 code [0x000001b09e54f1a0, 0x000001b09e54f268]
Event: 8.974 Thread 0x000001b0ab4cd930 2940       3       org.gradle.internal.service.DefaultServiceRegistry::access$1500 (6 bytes)
Event: 8.974 Thread 0x000001b0ab4cd930 nmethod 2940 0x000001b096ebef90 code [0x000001b096ebf140, 0x000001b096ebf258]
Event: 8.974 Thread 0x000001b0ab4cd930 2941       3       org.gradle.internal.service.DefaultServiceRegistry::isAssignableFromAnyType (41 bytes)
Event: 8.975 Thread 0x000001b0ab4cd930 nmethod 2941 0x000001b096ebf310 code [0x000001b096ebf520, 0x000001b096ebfa80]
Event: 8.975 Thread 0x000001b0ab4cd930 2942       3       org.gradle.internal.service.DefaultServiceRegistry$CollectingVisitor::visit (25 bytes)
Event: 8.975 Thread 0x000001b0ab4cd930 nmethod 2942 0x000001b096ebfc10 code [0x000001b096ebfde0, 0x000001b096ec00b0]
Event: 8.987 Thread 0x000001b0ab4cd930 2943   !   3       org.gradle.internal.classloader.TransformingClassLoader::findClass (203 bytes)
Event: 8.990 Thread 0x000001b0ab4cd930 nmethod 2943 0x000001b096ec0190 code [0x000001b096ec06a0, 0x000001b096ec2928]
Event: 8.990 Thread 0x000001b0ab4cd930 2944       3       org.gradle.initialization.MixInLegacyTypesClassLoader::shouldTransform (42 bytes)
Event: 8.991 Thread 0x000001b0ab4cd930 nmethod 2944 0x000001b096ec3910 code [0x000001b096ec3ae0, 0x000001b096ec3ec8]

GC Heap History (10 events):
Event: 1.149 GC heap before
{Heap before GC invocations=0 (full 0):
 garbage-first heap   total 120832K, used 22528K [0x0000000080000000, 0x0000000100000000)
  region size 1024K, 23 young (23552K), 0 survivors (0K)
 Metaspace       used 8115K, committed 8256K, reserved 1114112K
  class space    used 749K, committed 832K, reserved 1048576K
}
Event: 1.157 GC heap after
{Heap after GC invocations=1 (full 0):
 garbage-first heap   total 120832K, used 2368K [0x0000000080000000, 0x0000000100000000)
  region size 1024K, 3 young (3072K), 3 survivors (3072K)
 Metaspace       used 8115K, committed 8256K, reserved 1114112K
  class space    used 749K, committed 832K, reserved 1048576K
}
Event: 2.271 GC heap before
{Heap before GC invocations=1 (full 0):
 garbage-first heap   total 120832K, used 40256K [0x0000000080000000, 0x0000000100000000)
  region size 1024K, 38 young (38912K), 3 survivors (3072K)
 Metaspace       used 12346K, committed 12544K, reserved 1114112K
  class space    used 1348K, committed 1408K, reserved 1048576K
}
Event: 2.280 GC heap after
{Heap after GC invocations=2 (full 0):
 garbage-first heap   total 120832K, used 10594K [0x0000000080000000, 0x0000000100000000)
  region size 1024K, 5 young (5120K), 5 survivors (5120K)
 Metaspace       used 12346K, committed 12544K, reserved 1114112K
  class space    used 1348K, committed 1408K, reserved 1048576K
}
Event: 3.151 GC heap before
{Heap before GC invocations=2 (full 0):
 garbage-first heap   total 120832K, used 58722K [0x0000000080000000, 0x0000000100000000)
  region size 1024K, 50 young (51200K), 5 survivors (5120K)
 Metaspace       used 13474K, committed 13696K, reserved 1114112K
  class space    used 1544K, committed 1664K, reserved 1048576K
}
Event: 3.163 GC heap after
{Heap after GC invocations=3 (full 0):
 garbage-first heap   total 120832K, used 16745K [0x0000000080000000, 0x0000000100000000)
  region size 1024K, 5 young (5120K), 5 survivors (5120K)
 Metaspace       used 13474K, committed 13696K, reserved 1114112K
  class space    used 1544K, committed 1664K, reserved 1048576K
}
Event: 6.545 GC heap before
{Heap before GC invocations=3 (full 0):
 garbage-first heap   total 120832K, used 42345K [0x0000000080000000, 0x0000000100000000)
  region size 1024K, 31 young (31744K), 5 survivors (5120K)
 Metaspace       used 21247K, committed 21504K, reserved 1114112K
  class space    used 2531K, committed 2624K, reserved 1048576K
}
Event: 6.553 GC heap after
{Heap after GC invocations=4 (full 0):
 garbage-first heap   total 120832K, used 19990K [0x0000000080000000, 0x0000000100000000)
  region size 1024K, 8 young (8192K), 8 survivors (8192K)
 Metaspace       used 21247K, committed 21504K, reserved 1114112K
  class space    used 2531K, committed 2624K, reserved 1048576K
}
Event: 8.585 GC heap before
{Heap before GC invocations=5 (full 0):
 garbage-first heap   total 68608K, used 52758K [0x0000000080000000, 0x0000000100000000)
  region size 1024K, 40 young (40960K), 8 survivors (8192K)
 Metaspace       used 27081K, committed 27584K, reserved 1114112K
  class space    used 3441K, committed 3648K, reserved 1048576K
}
Event: 8.597 GC heap after
{Heap after GC invocations=6 (full 0):
 garbage-first heap   total 68608K, used 21628K [0x0000000080000000, 0x0000000100000000)
  region size 1024K, 2 young (2048K), 2 survivors (2048K)
 Metaspace       used 27081K, committed 27584K, reserved 1114112K
  class space    used 3441K, committed 3648K, reserved 1048576K
}

Dll operation events (3 events):
Event: 0.030 Loaded shared library C:\Program Files\Android\Android Studio\jbr\bin\java.dll
Event: 0.041 Loaded shared library C:\Program Files\Android\Android Studio\jbr\bin\zip.dll
Event: 1.339 Loaded shared library C:\Program Files\Android\Android Studio\jbr\bin\verify.dll

Deoptimization events (20 events):
Event: 7.933 Thread 0x000001b0b0bd2f20 DEOPT PACKING pc=0x000001b0969fa6d9 sp=0x0000002794cfa380
Event: 7.933 Thread 0x000001b0b0bd2f20 DEOPT UNPACKING pc=0x000001b09de94e42 sp=0x0000002794cf9818 mode 0
Event: 8.070 Thread 0x000001b0b0bd2f20 Uncommon trap: trap_request=0xffffff45 fr.pc=0x000001b09e40529c relative=0x0000000000000d1c
Event: 8.070 Thread 0x000001b0b0bd2f20 Uncommon trap: reason=unstable_if action=reinterpret pc=0x000001b09e40529c method=java.io.WinNTFileSystem.resolve(Ljava/lang/String;Ljava/lang/String;)Ljava/lang/String; @ 19 c2
Event: 8.070 Thread 0x000001b0b0bd2f20 DEOPT PACKING pc=0x000001b09e40529c sp=0x0000002794cfb070
Event: 8.070 Thread 0x000001b0b0bd2f20 DEOPT UNPACKING pc=0x000001b09de946a2 sp=0x0000002794cfb008 mode 2
Event: 8.073 Thread 0x000001b0b0bd2f20 Uncommon trap: trap_request=0xffffff45 fr.pc=0x000001b09e47a810 relative=0x0000000000000630
Event: 8.073 Thread 0x000001b0b0bd2f20 Uncommon trap: reason=unstable_if action=reinterpret pc=0x000001b09e47a810 method=java.io.File.getName()Ljava/lang/String; @ 16 c2
Event: 8.073 Thread 0x000001b0b0bd2f20 DEOPT PACKING pc=0x000001b09e47a810 sp=0x0000002794cfb030
Event: 8.073 Thread 0x000001b0b0bd2f20 DEOPT UNPACKING pc=0x000001b09de946a2 sp=0x0000002794cfb000 mode 2
Event: 8.299 Thread 0x000001b0b0bd2f20 Uncommon trap: trap_request=0xffffff45 fr.pc=0x000001b09e40cc10 relative=0x00000000000000f0
Event: 8.299 Thread 0x000001b0b0bd2f20 Uncommon trap: reason=unstable_if action=reinterpret pc=0x000001b09e40cc10 method=java.util.HashMap.hash(Ljava/lang/Object;)I @ 1 c2
Event: 8.299 Thread 0x000001b0b0bd2f20 DEOPT PACKING pc=0x000001b09e40cc10 sp=0x0000002794cfc0d0
Event: 8.299 Thread 0x000001b0b0bd2f20 DEOPT UNPACKING pc=0x000001b09de946a2 sp=0x0000002794cfc010 mode 2
Event: 8.377 Thread 0x000001b0b0bd2f20 DEOPT PACKING pc=0x000001b096db2d81 sp=0x0000002794cf8550
Event: 8.377 Thread 0x000001b0b0bd2f20 DEOPT UNPACKING pc=0x000001b09de94e42 sp=0x0000002794cf7a60 mode 0
Event: 9.003 Thread 0x000001b0b0bd2f20 DEOPT PACKING pc=0x000001b096db2da2 sp=0x0000002794cf86e0
Event: 9.003 Thread 0x000001b0b0bd2f20 DEOPT UNPACKING pc=0x000001b09de94e42 sp=0x0000002794cf7bf0 mode 0
Event: 9.074 Thread 0x000001b0b0bd2f20 DEOPT PACKING pc=0x000001b096db2d81 sp=0x0000002794cf7c50
Event: 9.074 Thread 0x000001b0b0bd2f20 DEOPT UNPACKING pc=0x000001b09de94e42 sp=0x0000002794cf7160 mode 0

Classes loaded (20 events):
Event: 8.556 Loading class java/lang/invoke/BoundMethodHandle$Species_LLLLLLLLLLLLLLLL
Event: 8.556 Loading class java/lang/invoke/BoundMethodHandle$Species_LLLLLLLLLLLLLLLL done
Event: 8.564 Loading class java/lang/invoke/BoundMethodHandle$Species_LLLLLLLLLLLLLLLLL
Event: 8.564 Loading class java/lang/invoke/BoundMethodHandle$Species_LLLLLLLLLLLLLLLLL done
Event: 8.569 Loading class java/lang/invoke/BoundMethodHandle$Species_LLLLLLLLLLLLLLLLLL
Event: 8.569 Loading class java/lang/invoke/BoundMethodHandle$Species_LLLLLLLLLLLLLLLLLL done
Event: 8.574 Loading class java/lang/invoke/BoundMethodHandle$Species_LLLLLLLLLLLLLLLLLLL
Event: 8.574 Loading class java/lang/invoke/BoundMethodHandle$Species_LLLLLLLLLLLLLLLLLLL done
Event: 8.599 Loading class java/lang/invoke/BoundMethodHandle$Species_LLLLLLLLLLLLLLLLLLLL
Event: 8.599 Loading class java/lang/invoke/BoundMethodHandle$Species_LLLLLLLLLLLLLLLLLLLL done
Event: 8.604 Loading class java/lang/invoke/BoundMethodHandle$Species_LLLLLLLLLLLLLLLLLLLLL
Event: 8.604 Loading class java/lang/invoke/BoundMethodHandle$Species_LLLLLLLLLLLLLLLLLLLLL done
Event: 8.610 Loading class java/lang/invoke/BoundMethodHandle$Species_LLLLLLLLLLLLLLLLLLLLLL
Event: 8.610 Loading class java/lang/invoke/BoundMethodHandle$Species_LLLLLLLLLLLLLLLLLLLLLL done
Event: 8.622 Loading class java/lang/invoke/BoundMethodHandle$Species_LLLLLLLLLLLLLLLLLLLLLLL
Event: 8.622 Loading class java/lang/invoke/BoundMethodHandle$Species_LLLLLLLLLLLLLLLLLLLLLLL done
Event: 8.657 Loading class java/lang/invoke/BoundMethodHandle$Species_LLLLLLLLLLLLLLLLLLLLLLLL
Event: 8.657 Loading class java/lang/invoke/BoundMethodHandle$Species_LLLLLLLLLLLLLLLLLLLLLLLL done
Event: 8.791 Loading class java/util/Collections$2
Event: 8.792 Loading class java/util/Collections$2 done

Classes unloaded (0 events):
No events

Classes redefined (0 events):
No events

Internal exceptions (20 events):
Event: 7.853 Thread 0x000001b0b0bd2f20 Exception <a 'java/lang/IncompatibleClassChangeError'{0x000000008275aee8}: Found class java.lang.Object, but interface was expected> (0x000000008275aee8) 
thrown [s\src\hotspot\share\interpreter\linkResolver.cpp, line 851]
Event: 7.886 Thread 0x000001b0b0bd2f20 Exception <a 'java/lang/NoSuchMethodError'{0x000000008267d810}: 'java.lang.Object java.lang.invoke.DirectMethodHandle$Holder.newInvokeSpecial(java.lang.Object, java.lang.Object, int)'> (0x000000008267d810) 
thrown [s\src\hotspot\share\interpreter\linkResolver.cpp, line 784]
Event: 8.023 Thread 0x000001b0b0bd2f20 Exception <a 'java/lang/NoSuchMethodError'{0x00000000823b3f30}: 'java.lang.Object java.lang.invoke.DirectMethodHandle$Holder.invokeVirtual(java.lang.Object, java.lang.Object, java.lang.Object, java.lang.Object, java.lang.Object, java.lang.Object, java.lang.Object, java.lang.Object)'> (0x00000000823b3f30) 
thrown [s\src\hotspot\share\interpreter\linkResolver.cpp, line 784]
Event: 8.066 Thread 0x000001b0b0bd2f20 Exception <a 'java/lang/NoSuchMethodError'{0x0000000082257110}: 'java.lang.Object java.lang.invoke.DirectMethodHandle$Holder.invokeVirtual(java.lang.Object, java.lang.Object, java.lang.Object, java.lang.Object, java.lang.Object, java.lang.Object, java.lang.Object, java.lang.Object, java.lang.Object, java.lang.Object)'> (0x0000000082257110) 
thrown [s\src\hotspot\share\interpreter\linkResolver.cpp, line 784]
Event: 8.238 Thread 0x000001b0b0bd2f20 Exception <a 'java/lang/NoSuchMethodError'{0x000000008203ffe8}: 'int java.lang.invoke.DirectMethodHandle$Holder.invokeSpecialIFC(java.lang.Object, java.lang.Object, java.lang.Object, java.lang.Object)'> (0x000000008203ffe8) 
thrown [s\src\hotspot\share\interpreter\linkResolver.cpp, line 784]
Event: 8.240 Thread 0x000001b0b0bd2f20 Exception <a 'java/lang/IncompatibleClassChangeError'{0x000000008204d540}: Found class java.lang.Object, but interface was expected> (0x000000008204d540) 
thrown [s\src\hotspot\share\interpreter\linkResolver.cpp, line 851]
Event: 8.299 Thread 0x000001b0b0bd2f20 Implicit null exception at 0x000001b09e40cb66 to 0x000001b09e40cc06
Event: 8.521 Thread 0x000001b0b0bd2f20 Exception <a 'java/lang/NoSuchMethodError'{0x0000000081cab238}: 'java.lang.Object java.lang.invoke.DelegatingMethodHandle$Holder.reinvoke_L(java.lang.Object, java.lang.Object, java.lang.Object, java.lang.Object, java.lang.Object, java.lang.Object, java.lang.Object, java.lang.Object, java.lang.Object, java.lang.Object, java.lang.Object, java.lang.Object, java.lang.Object, java.lang.Object, java.lang.Object, java.lang.Object, java.lang.Object, java.lang.Object, java.lang.Object, java.lang.Object, java.lang.O
Event: 8.537 Thread 0x000001b0b0bd2f20 Exception <a 'java/lang/NoSuchMethodError'{0x0000000081b1ab80}: 'java.lang.Object java.lang.invoke.DirectMethodHandle$Holder.invokeStatic(java.lang.Object, java.lang.Object, java.lang.Object, java.lang.Object, java.lang.Object, java.lang.Object, java.lang.Object, java.lang.Object, java.lang.Object, java.lang.Object, java.lang.Object, java.lang.Object, java.lang.Object, java.lang.Object, java.lang.Object, java.lang.Object, java.lang.Object)'> (0x0000000081b1ab80) 
thrown [s\src\hotspot\share\interpreter\lin
Event: 8.550 Thread 0x000001b0b0bd2f20 Exception <a 'java/lang/NoSuchMethodError'{0x0000000081b43910}: 'java.lang.Object java.lang.invoke.DirectMethodHandle$Holder.invokeStatic(java.lang.Object, java.lang.Object, java.lang.Object, java.lang.Object, java.lang.Object, java.lang.Object, java.lang.Object, java.lang.Object, java.lang.Object, java.lang.Object, java.lang.Object, java.lang.Object, java.lang.Object, java.lang.Object, java.lang.Object, java.lang.Object, java.lang.Object, java.lang.Object)'> (0x0000000081b43910) 
thrown [s\src\hotspot\sha
Event: 8.562 Thread 0x000001b0b0bd2f20 Exception <a 'java/lang/NoSuchMethodError'{0x0000000081b6ddf8}: 'java.lang.Object java.lang.invoke.DirectMethodHandle$Holder.invokeStatic(java.lang.Object, java.lang.Object, java.lang.Object, java.lang.Object, java.lang.Object, java.lang.Object, java.lang.Object, java.lang.Object, java.lang.Object, java.lang.Object, java.lang.Object, java.lang.Object, java.lang.Object, java.lang.Object, java.lang.Object, java.lang.Object, java.lang.Object, java.lang.Object, java.lang.Object)'> (0x0000000081b6ddf8) 
thrown 
Event: 8.566 Thread 0x000001b0b0bd2f20 Exception <a 'java/lang/NoSuchMethodError'{0x0000000081b99480}: 'java.lang.Object java.lang.invoke.DirectMethodHandle$Holder.invokeStatic(java.lang.Object, java.lang.Object, java.lang.Object, java.lang.Object, java.lang.Object, java.lang.Object, java.lang.Object, java.lang.Object, java.lang.Object, java.lang.Object, java.lang.Object, java.lang.Object, java.lang.Object, java.lang.Object, java.lang.Object, java.lang.Object, java.lang.Object, java.lang.Object, java.lang.Object, java.lang.Object)'> (0x00000000
Event: 8.571 Thread 0x000001b0b0bd2f20 Exception <a 'java/lang/NoSuchMethodError'{0x0000000081bc5d68}: 'java.lang.Object java.lang.invoke.DirectMethodHandle$Holder.invokeStatic(java.lang.Object, java.lang.Object, java.lang.Object, java.lang.Object, java.lang.Object, java.lang.Object, java.lang.Object, java.lang.Object, java.lang.Object, java.lang.Object, java.lang.Object, java.lang.Object, java.lang.Object, java.lang.Object, java.lang.Object, java.lang.Object, java.lang.Object, java.lang.Object, java.lang.Object, java.lang.Object, java.lang.Obj
Event: 8.579 Thread 0x000001b0b0bd2f20 Exception <a 'java/lang/NoSuchMethodError'{0x0000000081bf3a50}: 'java.lang.Object java.lang.invoke.DirectMethodHandle$Holder.invokeStatic(java.lang.Object, java.lang.Object, java.lang.Object, java.lang.Object, java.lang.Object, java.lang.Object, java.lang.Object, java.lang.Object, java.lang.Object, java.lang.Object, java.lang.Object, java.lang.Object, java.lang.Object, java.lang.Object, java.lang.Object, java.lang.Object, java.lang.Object, java.lang.Object, java.lang.Object, java.lang.Object, java.lang.Obj
Event: 8.601 Thread 0x000001b0b0bd2f20 Exception <a 'java/lang/NoSuchMethodError'{0x0000000087522b28}: 'java.lang.Object java.lang.invoke.DirectMethodHandle$Holder.invokeStatic(java.lang.Object, java.lang.Object, java.lang.Object, java.lang.Object, java.lang.Object, java.lang.Object, java.lang.Object, java.lang.Object, java.lang.Object, java.lang.Object, java.lang.Object, java.lang.Object, java.lang.Object, java.lang.Object, java.lang.Object, java.lang.Object, java.lang.Object, java.lang.Object, java.lang.Object, java.lang.Object, java.lang.Obj
Event: 8.606 Thread 0x000001b0b0bd2f20 Exception <a 'java/lang/NoSuchMethodError'{0x00000000875521e0}: 'java.lang.Object java.lang.invoke.DirectMethodHandle$Holder.invokeStatic(java.lang.Object, java.lang.Object, java.lang.Object, java.lang.Object, java.lang.Object, java.lang.Object, java.lang.Object, java.lang.Object, java.lang.Object, java.lang.Object, java.lang.Object, java.lang.Object, java.lang.Object, java.lang.Object, java.lang.Object, java.lang.Object, java.lang.Object, java.lang.Object, java.lang.Object, java.lang.Object, java.lang.Obj
Event: 8.612 Thread 0x000001b0b0bd2f20 Exception <a 'java/lang/NoSuchMethodError'{0x00000000875d8c30}: 'java.lang.Object java.lang.invoke.DirectMethodHandle$Holder.invokeStatic(java.lang.Object, java.lang.Object, java.lang.Object, java.lang.Object, java.lang.Object, java.lang.Object, java.lang.Object, java.lang.Object, java.lang.Object, java.lang.Object, java.lang.Object, java.lang.Object, java.lang.Object, java.lang.Object, java.lang.Object, java.lang.Object, java.lang.Object, java.lang.Object, java.lang.Object, java.lang.Object, java.lang.Obj
Event: 8.648 Thread 0x000001b0b0bd2f20 Exception <a 'java/lang/NoSuchMethodError'{0x000000008740a090}: 'java.lang.Object java.lang.invoke.DirectMethodHandle$Holder.invokeStatic(java.lang.Object, java.lang.Object, java.lang.Object, java.lang.Object, java.lang.Object, java.lang.Object, java.lang.Object, java.lang.Object, java.lang.Object, java.lang.Object, java.lang.Object, java.lang.Object, java.lang.Object, java.lang.Object, java.lang.Object, java.lang.Object, java.lang.Object, java.lang.Object, java.lang.Object, java.lang.Object, java.lang.Obj
Event: 8.662 Thread 0x000001b0b0bd2f20 Exception <a 'java/lang/NoSuchMethodError'{0x000000008743cb18}: 'java.lang.Object java.lang.invoke.DirectMethodHandle$Holder.invokeStatic(java.lang.Object, java.lang.Object, java.lang.Object, java.lang.Object, java.lang.Object, java.lang.Object, java.lang.Object, java.lang.Object, java.lang.Object, java.lang.Object, java.lang.Object, java.lang.Object, java.lang.Object, java.lang.Object, java.lang.Object, java.lang.Object, java.lang.Object, java.lang.Object, java.lang.Object, java.lang.Object, java.lang.Obj
Event: 8.755 Thread 0x000001b0b0bd2f20 Exception <a 'java/lang/IncompatibleClassChangeError'{0x0000000085b61898}: Found class java.lang.Object, but interface was expected> (0x0000000085b61898) 
thrown [s\src\hotspot\share\interpreter\linkResolver.cpp, line 851]

ZGC Phase Switch (0 events):
No events

VM Operations (20 events):
Event: 5.061 Executing VM operation: Cleanup done
Event: 6.073 Executing VM operation: Cleanup
Event: 6.073 Executing VM operation: Cleanup done
Event: 6.545 Executing VM operation: CollectForMetadataAllocation (Metadata GC Threshold)
Event: 6.553 Executing VM operation: CollectForMetadataAllocation (Metadata GC Threshold) done
Event: 6.567 Executing VM operation: G1PauseRemark
Event: 6.571 Executing VM operation: G1PauseRemark done
Event: 6.572 Executing VM operation: G1PauseCleanup
Event: 6.580 Executing VM operation: G1PauseCleanup done
Event: 7.580 Executing VM operation: Cleanup
Event: 7.580 Executing VM operation: Cleanup done
Event: 7.884 Executing VM operation: HandshakeAllThreads (Deoptimize)
Event: 7.884 Executing VM operation: HandshakeAllThreads (Deoptimize) done
Event: 8.585 Executing VM operation: G1CollectForAllocation (G1 Evacuation Pause)
Event: 8.598 Executing VM operation: G1CollectForAllocation (G1 Evacuation Pause) done
Event: 8.690 Executing VM operation: HandshakeAllThreads (Deoptimize)
Event: 8.690 Executing VM operation: HandshakeAllThreads (Deoptimize) done
Event: 8.690 Executing VM operation: HandshakeAllThreads (Deoptimize)
Event: 8.690 Executing VM operation: HandshakeAllThreads (Deoptimize) done
Event: 9.694 Executing VM operation: Cleanup

Memory protections (0 events):
No events

Nmethod flushes (0 events):
No events

Events (20 events):
Event: 0.973 Loaded shared library C:\Program Files\Android\Android Studio\jbr\bin\jimage.dll
Event: 1.517 Loaded shared library C:\Users\moham\.gradle\native\1def1411415f61bf3af743bc5b6707747c0891f09f0c88961ee8f79bc544acac\windows-amd64\native-platform.dll
Event: 1.550 Loaded shared library C:\Users\moham\.gradle\native\0.2.7\x86_64-windows-gnu\gradle-fileevents.dll
Event: 3.391 Loaded shared library C:\Program Files\Android\Android Studio\jbr\bin\management.dll
Event: 3.404 Loaded shared library C:\Program Files\Android\Android Studio\jbr\bin\management_ext.dll
Event: 3.548 Thread 0x000001b091378820 Thread added: 0x000001b0b1873740
Event: 3.812 Loaded shared library C:\Program Files\Android\Android Studio\jbr\bin\extnet.dll
Event: 4.032 Thread 0x000001b0b0177a60 Thread exited: 0x000001b0b0177a60
Event: 4.437 Thread 0x000001b091378820 Thread added: 0x000001b0b18df740
Event: 4.863 Thread 0x000001b091378820 Thread added: 0x000001b0b18d6aa0
Event: 5.188 Thread 0x000001b0b18df740 Thread added: 0x000001b0b1acd450
Event: 5.201 Thread 0x000001b0b1acd450 Thread added: 0x000001b0b1acdac0
Event: 6.232 Thread 0x000001b0b1acd450 Thread added: 0x000001b0b1767920
Event: 6.282 Thread 0x000001b0b1acd450 Thread added: 0x000001b0b0bd2f20
Event: 6.333 Thread 0x000001b0b0bd2f20 Thread added: 0x000001b0b028b2b0
Event: 6.359 Thread 0x000001b0b0bd2f20 Thread added: 0x000001b0b028a590
Event: 6.367 Thread 0x000001b0b0bd2f20 Thread added: 0x000001b0b028d380
Event: 7.885 Thread 0x000001b0b0bd2f20 Thread added: 0x000001b0b028c660
Event: 7.905 Thread 0x000001b0b0bd2f20 Thread added: 0x000001b0b028ac20
Event: 7.987 Thread 0x000001b0b0bd2f20 Thread added: 0x000001b0b028bfd0


Dynamic libraries:
0x00007ff6d2350000 - 0x00007ff6d235a000 	C:\Program Files\Android\Android Studio\jbr\bin\java.exe
0x00007ffcebb00000 - 0x00007ffcebd67000 	C:\WINDOWS\SYSTEM32\ntdll.dll
0x00007ffce9920000 - 0x00007ffce99e9000 	C:\WINDOWS\System32\KERNEL32.DLL
0x00007ffce8e10000 - 0x00007ffce91ff000 	C:\WINDOWS\System32\KERNELBASE.dll
0x00007ffce95b0000 - 0x00007ffce96fb000 	C:\WINDOWS\System32\ucrtbase.dll
0x00007ffca3d70000 - 0x00007ffca3d88000 	C:\Program Files\Android\Android Studio\jbr\bin\jli.dll
0x00007ffcd0610000 - 0x00007ffcd062b000 	C:\Program Files\Android\Android Studio\jbr\bin\VCRUNTIME140.dll
0x00007ffceb3b0000 - 0x00007ffceb575000 	C:\WINDOWS\System32\USER32.dll
0x00007ffccb450000 - 0x00007ffccb6e3000 	C:\WINDOWS\WinSxS\amd64_microsoft.windows.common-controls_6595b64144ccf1df_6.0.26100.7309_none_3e05feeae336a044\COMCTL32.dll
0x00007ffce9700000 - 0x00007ffce9727000 	C:\WINDOWS\System32\win32u.dll
0x00007ffceafa0000 - 0x00007ffceb049000 	C:\WINDOWS\System32\msvcrt.dll
0x00007ffceb1c0000 - 0x00007ffceb1eb000 	C:\WINDOWS\System32\GDI32.dll
0x00007ffce8ce0000 - 0x00007ffce8e0c000 	C:\WINDOWS\System32\gdi32full.dll
0x00007ffce9440000 - 0x00007ffce94e3000 	C:\WINDOWS\System32\msvcp_win.dll
0x00007ffce9a80000 - 0x00007ffce9ab1000 	C:\WINDOWS\System32\IMM32.DLL
0x00007ffcde1f0000 - 0x00007ffcde1fc000 	C:\Program Files\Android\Android Studio\jbr\bin\vcruntime140_1.dll
0x00007ffc7d820000 - 0x00007ffc7d8ad000 	C:\Program Files\Android\Android Studio\jbr\bin\msvcp140.dll
0x00007ffc69dc0000 - 0x00007ffc6aa56000 	C:\Program Files\Android\Android Studio\jbr\bin\server\jvm.dll
0x00007ffceb2f0000 - 0x00007ffceb3a4000 	C:\WINDOWS\System32\ADVAPI32.dll
0x00007ffceb950000 - 0x00007ffceb9f6000 	C:\WINDOWS\System32\sechost.dll
0x00007ffcea6b0000 - 0x00007ffcea7c8000 	C:\WINDOWS\System32\RPCRT4.dll
0x00007ffce98a0000 - 0x00007ffce9914000 	C:\WINDOWS\System32\WS2_32.dll
0x00007ffce8900000 - 0x00007ffce895e000 	C:\WINDOWS\SYSTEM32\POWRPROF.dll
0x00007ffce1860000 - 0x00007ffce186b000 	C:\WINDOWS\SYSTEM32\VERSION.dll
0x00007ffce1820000 - 0x00007ffce1855000 	C:\WINDOWS\SYSTEM32\WINMM.dll
0x00007ffce88e0000 - 0x00007ffce88f4000 	C:\WINDOWS\SYSTEM32\UMPDC.dll
0x00007ffce7a00000 - 0x00007ffce7a1b000 	C:\WINDOWS\SYSTEM32\kernel.appcore.dll
0x00007ffcddf90000 - 0x00007ffcddf9a000 	C:\Program Files\Android\Android Studio\jbr\bin\jimage.dll
0x00007ffce6350000 - 0x00007ffce6592000 	C:\WINDOWS\SYSTEM32\DBGHELP.DLL
0x00007ffceb5a0000 - 0x00007ffceb925000 	C:\WINDOWS\System32\combase.dll
0x00007ffceae40000 - 0x00007ffceaf16000 	C:\WINDOWS\System32\OLEAUT32.dll
0x00007ffccbe00000 - 0x00007ffccbe3c000 	C:\WINDOWS\SYSTEM32\dbgcore.DLL
0x00007ffce9390000 - 0x00007ffce9435000 	C:\WINDOWS\System32\bcryptPrimitives.dll
0x00007ffcbecd0000 - 0x00007ffcbecde000 	C:\Program Files\Android\Android Studio\jbr\bin\instrument.dll
0x00007ffcd00c0000 - 0x00007ffcd00e0000 	C:\Program Files\Android\Android Studio\jbr\bin\java.dll
0x00007ffcd00a0000 - 0x00007ffcd00b8000 	C:\Program Files\Android\Android Studio\jbr\bin\zip.dll
0x00007ffce9ac0000 - 0x00007ffcea213000 	C:\WINDOWS\System32\SHELL32.dll
0x00007ffce9730000 - 0x00007ffce989a000 	C:\WINDOWS\System32\wintypes.dll
0x00007ffce6850000 - 0x00007ffce70ae000 	C:\WINDOWS\SYSTEM32\windows.storage.dll
0x00007ffceb1f0000 - 0x00007ffceb2e5000 	C:\WINDOWS\System32\SHCORE.dll
0x00007ffceb050000 - 0x00007ffceb0b6000 	C:\WINDOWS\System32\shlwapi.dll
0x00007ffce8b70000 - 0x00007ffce8b99000 	C:\WINDOWS\SYSTEM32\profapi.dll
0x00007ffcddf70000 - 0x00007ffcddf80000 	C:\Program Files\Android\Android Studio\jbr\bin\net.dll
0x00007ffcdf250000 - 0x00007ffcdf378000 	C:\WINDOWS\SYSTEM32\WINHTTP.dll
0x00007ffce7f70000 - 0x00007ffce7fdb000 	C:\WINDOWS\system32\mswsock.dll
0x00007ffcd0000000 - 0x00007ffcd0016000 	C:\Program Files\Android\Android Studio\jbr\bin\nio.dll
0x00007ffcd0140000 - 0x00007ffcd0150000 	C:\Program Files\Android\Android Studio\jbr\bin\verify.dll
0x00007ffca66f0000 - 0x00007ffca6717000 	C:\Users\moham\.gradle\native\1def1411415f61bf3af743bc5b6707747c0891f09f0c88961ee8f79bc544acac\windows-amd64\native-platform.dll
0x00007ffc74080000 - 0x00007ffc740f8000 	C:\Users\moham\.gradle\native\0.2.7\x86_64-windows-gnu\gradle-fileevents.dll
0x00007ffcddec0000 - 0x00007ffcddec9000 	C:\Program Files\Android\Android Studio\jbr\bin\management.dll
0x00007ffcddc20000 - 0x00007ffcddc2b000 	C:\Program Files\Android\Android Studio\jbr\bin\management_ext.dll
0x00007ffcea540000 - 0x00007ffcea548000 	C:\WINDOWS\System32\PSAPI.DLL
0x00007ffce74a0000 - 0x00007ffce74d4000 	C:\WINDOWS\SYSTEM32\IPHLPAPI.DLL
0x00007ffceb580000 - 0x00007ffceb58a000 	C:\WINDOWS\System32\NSI.dll
0x00007ffcddee0000 - 0x00007ffcddee9000 	C:\Program Files\Android\Android Studio\jbr\bin\extnet.dll
0x00007ffce8240000 - 0x00007ffce825b000 	C:\WINDOWS\SYSTEM32\CRYPTSP.dll
0x00007ffce7960000 - 0x00007ffce799a000 	C:\WINDOWS\system32\rsaenh.dll
0x00007ffce8020000 - 0x00007ffce804b000 	C:\WINDOWS\SYSTEM32\USERENV.dll
0x00007ffce8b40000 - 0x00007ffce8b6a000 	C:\WINDOWS\SYSTEM32\bcrypt.dll
0x00007ffce8230000 - 0x00007ffce823c000 	C:\WINDOWS\SYSTEM32\CRYPTBASE.dll
0x00007ffce3760000 - 0x00007ffce3768000 	C:\WINDOWS\system32\wshunix.dll

JVMTI agents:
C:\Users\moham\.gradle\wrapper\dists\gradle-8.13-bin\5xuhj0ry160q40clulazy9h7d\gradle-8.13\lib\agents\gradle-instrumentation-agent-8.13.jar path:C:\Program Files\Android\Android Studio\jbr\bin\instrument.dll, loaded, initialized, instrumentlib options:none

dbghelp: loaded successfully - version: 4.0.5 - missing functions: none
symbol engine: initialized successfully - sym options: 0x614 - pdb path: .;C:\Program Files\Android\Android Studio\jbr\bin;C:\WINDOWS\SYSTEM32;C:\WINDOWS\WinSxS\amd64_microsoft.windows.common-controls_6595b64144ccf1df_6.0.26100.7309_none_3e05feeae336a044;C:\Program Files\Android\Android Studio\jbr\bin\server;C:\Users\moham\.gradle\native\1def1411415f61bf3af743bc5b6707747c0891f09f0c88961ee8f79bc544acac\windows-amd64;C:\Users\moham\.gradle\native\0.2.7\x86_64-windows-gnu

VM Arguments:
jvm_args: --add-opens=java.base/java.lang=ALL-UNNAMED --add-opens=java.base/java.lang.invoke=ALL-UNNAMED --add-opens=java.base/java.util=ALL-UNNAMED --add-opens=java.prefs/java.util.prefs=ALL-UNNAMED --add-exports=jdk.compiler/com.sun.tools.javac.api=ALL-UNNAMED --add-exports=jdk.compiler/com.sun.tools.javac.util=ALL-UNNAMED --add-opens=java.base/java.util=ALL-UNNAMED --add-opens=java.prefs/java.util.prefs=ALL-UNNAMED --add-opens=java.base/java.nio.charset=ALL-UNNAMED --add-opens=java.base/java.net=ALL-UNNAMED --add-opens=java.base/java.util.concurrent.atomic=ALL-UNNAMED --add-opens=java.xml/javax.xml.namespace=ALL-UNNAMED -Xmx2048m -Dfile.encoding=UTF-8 -Duser.country=ID -Duser.language=en -Duser.variant -javaagent:C:\Users\moham\.gradle\wrapper\dists\gradle-8.13-bin\5xuhj0ry160q40clulazy9h7d\gradle-8.13\lib\agents\gradle-instrumentation-agent-8.13.jar 
java_command: org.gradle.launcher.daemon.bootstrap.GradleDaemon 8.13
java_class_path (initial): C:\Users\moham\.gradle\wrapper\dists\gradle-8.13-bin\5xuhj0ry160q40clulazy9h7d\gradle-8.13\lib\gradle-daemon-main-8.13.jar
Launcher Type: SUN_STANDARD

[Global flags]
     intx CICompilerCount                          = 4                                         {product} {ergonomic}
     uint ConcGCThreads                            = 3                                         {product} {ergonomic}
     uint G1ConcRefinementThreads                  = 10                                        {product} {ergonomic}
   size_t G1HeapRegionSize                         = 1048576                                   {product} {ergonomic}
    uintx GCDrainStackTargetSize                   = 64                                        {product} {ergonomic}
   size_t InitialHeapSize                          = 123731968                                 {product} {ergonomic}
   size_t MarkStackSize                            = 4194304                                   {product} {ergonomic}
   size_t MaxHeapSize                              = 2147483648                                {product} {command line}
   size_t MaxNewSize                               = 1287651328                                {product} {ergonomic}
   size_t MinHeapDeltaBytes                        = 1048576                                   {product} {ergonomic}
   size_t MinHeapSize                              = 8388608                                   {product} {ergonomic}
    uintx NonNMethodCodeHeapSize                   = 5839372                                {pd product} {ergonomic}
    uintx NonProfiledCodeHeapSize                  = 122909434                              {pd product} {ergonomic}
    uintx ProfiledCodeHeapSize                     = 122909434                              {pd product} {ergonomic}
    uintx ReservedCodeCacheSize                    = 251658240                              {pd product} {ergonomic}
     bool SegmentedCodeCache                       = true                                      {product} {ergonomic}
   size_t SoftMaxHeapSize                          = 2147483648                             {manageable} {ergonomic}
     bool UseCompressedOops                        = true                           {product lp64_product} {ergonomic}
     bool UseG1GC                                  = true                                      {product} {ergonomic}
     bool UseLargePagesIndividualAllocation        = false                                  {pd product} {ergonomic}

Logging:
Log output configuration:
 #0: stdout all=warning uptime,level,tags foldmultilines=false
 #1: stderr all=off uptime,level,tags foldmultilines=false

Environment Variables:
JAVA_HOME=C:\Program Files\Eclipse Adoptium\jdk-17.0.14.7-hotspot\
PATH=C:\Program Files\Common Files\Oracle\Java\javapath;C:\Program Files\Eclipse Adoptium\jdk-17.0.14.7-hotspot\bin;C:\windows\system32;C:\windows;C:\windows\System32\Wbem;C:\windows\System32\WindowsPowerShell\v1.0\;C:\Program Files\Python312\;C:\windows\System32\OpenSSH\;C:\Program Files\Python312\Scripts\;C:\Program Files\HP\HP One Agent;C:\msys64\ucrt64\bin;C:\FPC\3.2.2\bin\i386-Win32;C:\WINDOWS\system32;C:\WINDOWS;C:\WINDOWS\System32\Wbem;C:\WINDOWS\System32\WindowsPowerShell\v1.0\;C:\WINDOWS\System32\OpenSSH\;C:\Program Files\nodejs\;C:\xampp\php;C:\ProgramData\ComposerSetup\bin;C:\Program Files\Git\cmd;C:\Program Files\Docker\Docker\resources\bin;C:\Users\moham\AppData\Local\Microsoft\WindowsApps;C:\msys64\ucrt64\bin;C:\Users\moham\AppData\Local\Programs\Microsoft VS Code\bin;C:\Program Files\MongoDB\Server\8.0\bin;C:\Users\moham\AppData\Local\Programs\mongosh\;C:\Nmap;C:\Program Files\JetBrains\IntelliJ IDEA 2024.3.4.1\bin;C:\Users\moham\AppData\Roaming\npm;C:\Users\moham\AppData\Roaming\Composer\vendor\bin;C:\Users\moham\AppData\Local\JetBrains\Toolbox\scripts;C:\Users\moham\AppData\Local\GitHubDesktop\bin;C:\Users\moham\AppData\Roaming\TinyTeX\bin\windows;C:\Users\moham\Antigravity\bin
USERNAME=moham
OS=Windows_NT
PROCESSOR_IDENTIFIER=AMD64 Family 25 Model 80 Stepping 0, AuthenticAMD
TMP=C:\Users\moham\AppData\Local\Temp
TEMP=C:\Users\moham\AppData\Local\Temp




Periodic native trim disabled

JNI global refs:
JNI global refs: 23, weak refs: 0

JNI global refs memory usage: 835, weak refs: 201

Process memory usage:
Resident Set Size: 142384K (1% of 7701124K total physical memory with 237508K free physical memory)

OOME stack traces (most recent first):
Classloader memory used:
Loader bootstrap                                                                       : 16308K
Loader org.gradle.internal.classloader.VisitableURLClassLoader                         : 10595K
Loader org.gradle.initialization.MixInLegacyTypesClassLoader                           : 1212K
Loader jdk.internal.loader.ClassLoaders$AppClassLoader                                 : 235K
Loader jdk.internal.loader.ClassLoaders$PlatformClassLoader                            : 116K

Classes loaded by more than one classloader:
Class org.gradle.internal.classloader.FilteringClassLoader                            : loaded 2 times (x 105B)
Class org.gradle.internal.classloader.ClassLoaderHierarchy                            : loaded 2 times (x 70B)
Class org.gradle.api.internal.classpath.ManifestUtil                                  : loaded 2 times (x 71B)
Class org.gradle.internal.classloader.DefaultClassLoaderFactory                       : loaded 2 times (x 82B)
Class org.gradle.internal.classloader.ClassLoaderVisitor                              : loaded 2 times (x 76B)
Class org.gradle.api.internal.classpath.EffectiveClassPath                            : loaded 2 times (x 90B)
Class org.gradle.api.internal.DefaultClassPathProvider                                : loaded 2 times (x 76B)
Class [Lorg.gradle.api.internal.ClassPathProvider;                                    : loaded 2 times (x 69B)
Class org.gradle.api.internal.ClassPathProvider                                       : loaded 2 times (x 70B)
Class org.gradle.internal.service.UnknownServiceException                             : loaded 2 times (x 83B)
Class org.gradle.internal.classpath.TransformedClassPath                              : loaded 2 times (x 96B)
Class org.gradle.internal.classloader.InstrumentingClassLoader                        : loaded 2 times (x 70B)
Class org.gradle.internal.service.ServiceLocator                                      : loaded 2 times (x 70B)
Class org.gradle.internal.InternalTransformer                                         : loaded 2 times (x 70B)
Class org.gradle.internal.classloader.ClasspathUtil$1                                 : loaded 2 times (x 76B)
Class org.gradle.api.internal.classpath.DefaultModuleRegistry$DefaultModule           : loaded 2 times (x 86B)
Class org.gradle.api.internal.classpath.Module                                        : loaded 2 times (x 70B)
Class org.gradle.api.internal.classpath.UnknownModuleException                        : loaded 2 times (x 82B)
Class org.gradle.api.internal.DefaultClassPathRegistry                                : loaded 2 times (x 76B)
Class org.gradle.api.internal.ClassPathRegistry                                       : loaded 2 times (x 70B)
Class org.gradle.internal.classpath.DefaultClassPath$ImmutableUniqueList              : loaded 2 times (x 199B)
Class org.gradle.internal.classpath.ClassPath                                         : loaded 2 times (x 70B)
Class org.gradle.api.UncheckedIOException                                             : loaded 2 times (x 82B)
Class org.gradle.internal.installation.GradleInstallation$1                           : loaded 2 times (x 75B)
Class org.gradle.api.internal.classpath.ModuleRegistry                                : loaded 2 times (x 70B)
Class org.gradle.api.internal.classpath.DefaultModuleRegistry                         : loaded 2 times (x 86B)
Class org.gradle.internal.service.ServiceLookupException                              : loaded 2 times (x 82B)
Class org.gradle.internal.classloader.ClassLoaderFactory                              : loaded 2 times (x 70B)
Class org.gradle.internal.service.CachingServiceLocator                               : loaded 2 times (x 82B)
Class org.gradle.internal.classloader.ClasspathUtil                                   : loaded 2 times (x 71B)
Class org.gradle.api.specs.Spec                                                       : loaded 2 times (x 70B)
Class org.gradle.internal.classloader.VisitableURLClassLoader$InstrumentingVisitableURLClassLoader: loaded 2 times (x 123B)
Class org.gradle.internal.classloader.VisitableURLClassLoader$Spec                    : loaded 2 times (x 74B)
Class org.gradle.internal.classpath.DefaultClassPath                                  : loaded 2 times (x 90B)
Class org.gradle.internal.classloader.ClassLoaderSpec                                 : loaded 2 times (x 71B)
Class org.gradle.internal.classloader.VisitableURLClassLoader                         : loaded 2 times (x 117B)
Class org.gradle.internal.Cast                                                        : loaded 2 times (x 71B)
Class org.gradle.api.Action                                                           : loaded 2 times (x 70B)
Class org.gradle.internal.classpath.DefaultClassPath$ImmutableUniqueList$Builder      : loaded 2 times (x 75B)
Class org.gradle.api.GradleException                                                  : loaded 2 times (x 82B)
Class org.gradle.internal.IoActions                                                   : loaded 2 times (x 71B)
Class org.gradle.internal.classloader.SystemClassLoaderSpec                           : loaded 2 times (x 71B)
Class org.gradle.api.internal.classpath.GlobalCacheRootsProvider                      : loaded 2 times (x 70B)
Class org.gradle.internal.installation.CurrentGradleInstallationLocator               : loaded 2 times (x 71B)
Class org.gradle.internal.service.DefaultServiceLocator                               : loaded 2 times (x 83B)
Class org.gradle.internal.installation.CurrentGradleInstallation                      : loaded 2 times (x 73B)
Class org.gradle.util.internal.GUtil                                                  : loaded 2 times (x 71B)
Class org.gradle.internal.installation.GradleInstallation                             : loaded 2 times (x 75B)

---------------  S Y S T E M  ---------------

OS:
 Windows 11 , 64 bit Build 26100 (10.0.26100.7309)
OS uptime: 2 days 9:39 hours
Hyper-V role detected

CPU: total 12 (initial active 12) (12 cores per cpu, 2 threads per core) family 25 model 80 stepping 0 microcode 0xa50000f, cx8, cmov, fxsr, ht, mmx, 3dnowpref, sse, sse2, sse3, ssse3, sse4a, sse4.1, sse4.2, popcnt, lzcnt, tsc, tscinvbit, avx, avx2, aes, erms, clmul, bmi1, bmi2, adx, sha, fma, vzeroupper, clflush, clflushopt, hv, rdtscp, rdpid, fsrm, f16c, cet_ss
Processor Information for the first 12 processors :
  Max Mhz: 2301, Current Mhz: 2010, Mhz Limit: 2301

Memory: 4k page, system-wide physical 7520M (235M free)
TotalPageFile size 31072M (AvailPageFile size 8M)
current process WorkingSet (physical memory assigned to process): 139M, peak: 160M
current process commit charge ("private bytes"): 221M, peak: 245M

vm_info: OpenJDK 64-Bit Server VM (21.0.8+-14196175-b1038.72) for windows-amd64 JRE (21.0.8+-14196175-b1038.72), built on 2025-10-01T10:24:33Z by "builder" with MS VC++ 16.10 / 16.11 (VS2019)

END.
